Created by PLY version 3.11 (http://www.dabeaz.com/ply)

Unused terminals:

    VOID

Grammar

Rule 0     S' -> prog
Rule 1     prog -> PROGRAM ID SEMICOLON variables prog_funcs func_princ
Rule 2     prog_funcs -> funcion prog_funcs
Rule 3     prog_funcs -> empty
Rule 4     variables -> VAR variables_2
Rule 5     variables -> empty
Rule 6     variables_2 -> tipo COLON lista_id SEMICOLON variables_rep
Rule 7     variables_rep -> variables_2
Rule 8     variables_rep -> empty
Rule 9     lista_id -> ID dimension_var lista_id_rep
Rule 10    lista_id_rep -> COMMA lista_id
Rule 11    lista_id_rep -> empty
Rule 12    dimension_var -> SQUAREL CTE_INT SQUARER
Rule 13    dimension_var -> empty
Rule 14    tipo -> INT
Rule 15    tipo -> FLOAT
Rule 16    tipo -> CHAR
Rule 17    func_princ -> PRINCIPAL PARENTHESESL PARENTHESESR CURLYL estatuto_rep CURLYR
Rule 18    funcion -> FUNC tipo_func ID PARENTHESESL funcion_param PARENTHESESR SEMICOLON variables CURLYL estatuto_rep CURLYR
Rule 19    tipo_func -> tipo
Rule 20    tipo_func -> VOIDg a
Rule 21    funcion_param -> tipo ID funcion_param_rep
Rule 22    funcion_param -> empty
Rule 23    funcion_param_rep -> COMMA funcion_param
Rule 24    funcion_param_rep -> empty
Rule 25    estatuto_rep -> estatuto estatuto_rep
Rule 26    estatuto_rep -> empty
Rule 27    estatuto -> asignacion SEMICOLON
Rule 28    estatuto -> llamada SEMICOLON
Rule 29    estatuto -> retorno SEMICOLON
Rule 30    estatuto -> lectura SEMICOLON
Rule 31    estatuto -> escritura SEMICOLON
Rule 32    estatuto -> decision
Rule 33    estatuto -> rep_c
Rule 34    estatuto -> rep_nc
Rule 35    asignacion -> ID dimension ASSIGN expresion
Rule 36    dimension -> SQUAREL expresion SQUARER
Rule 37    dimension -> empty
Rule 38    llamada -> ID PARENTHESESL expresion_rep PARENTHESESR
Rule 39    lectura -> READ PARENTHESESL lista_lectura PARENTHESESR
Rule 40    lista_lectura -> ID dimension COMMA lista_lectura
Rule 41    lista_lectura -> ID dimension
Rule 42    escritura -> PRINT PARENTHESESL lista_escritura PARENTHESESR
Rule 43    lista_escritura -> letrero lista_escritura_rep
Rule 44    lista_escritura -> expresion lista_escritura_rep
Rule 45    lista_escritura_rep -> COMMA lista_escritura
Rule 46    lista_escritura_rep -> empty
Rule 47    decision -> IF PARENTHESESL expresion PARENTHESESR THEN CURLYL estatuto_rep CURLYR decision_alt
Rule 48    decision_alt -> ELSE CURLYL estatuto_rep CURLYR
Rule 49    decision_alt -> empty
Rule 50    rep_c -> WHILE PARENTHESESL expresion PARENTHESESR DO CURLYL estatuto_rep CURLYR
Rule 51    rep_nc -> FROM asignacion UNTIL expresion DO CURLYL estatuto_rep CURLYR
Rule 52    expresion_rep -> expresion_rep_2
Rule 53    expresion_rep -> empty
Rule 54    expresion_rep_2 -> expresion COMMA expresion_rep_2
Rule 55    expresion_rep_2 -> expresion
Rule 56    retorno -> RETURN PARENTHESESL expresion PARENTHESESR
Rule 57    expresion -> exp_comp expresion_2
Rule 58    expresion_2 -> AND expresion
Rule 59    expresion_2 -> OR expresion
Rule 60    expresion_2 -> empty
Rule 61    exp_comp -> exp_ar exp_comp_2
Rule 62    exp_comp_2 -> comp_sym exp_ar
Rule 63    exp_comp_2 -> empty
Rule 64    comp_sym -> LESSTHAN
Rule 65    comp_sym -> GREATERTHAN
Rule 66    comp_sym -> LESSEQUAL
Rule 67    comp_sym -> GREATEREQUAL
Rule 68    comp_sym -> EQUAL
Rule 69    comp_sym -> NOTEQUAL
Rule 70    exp_ar -> termino exp_ar_2
Rule 71    exp_ar_2 -> PLUS exp_ar
Rule 72    exp_ar_2 -> MINUS exp_ar
Rule 73    exp_ar_2 -> empty
Rule 74    termino -> factor termino_2
Rule 75    termino_2 -> MULT termino
Rule 76    termino_2 -> DIVIDE termino
Rule 77    termino_2 -> empty
Rule 78    factor -> const
Rule 79    factor -> ID dimension
Rule 80    factor -> PARENTHESESL expresion PARENTHESESR
Rule 81    factor -> llamada
Rule 82    const -> CTE_INT
Rule 83    const -> CTE_CHAR
Rule 84    const -> CTE_FLOAT
Rule 85    letrero -> CTE_STR
Rule 86    empty -> <empty>

Terminals, with rules where they appear

AND                  : 58
ASSIGN               : 35
CHAR                 : 16
COLON                : 6
COMMA                : 10 23 40 45 54
CTE_CHAR             : 83
CTE_FLOAT            : 84
CTE_INT              : 12 82
CTE_STR              : 85
CURLYL               : 17 18 47 48 50 51
CURLYR               : 17 18 47 48 50 51
DIVIDE               : 76
DO                   : 50 51
ELSE                 : 48
EQUAL                : 68
FLOAT                : 15
FROM                 : 51
FUNC                 : 18
GREATEREQUAL         : 67
GREATERTHAN          : 65
ID                   : 1 9 18 21 35 38 40 41 79
IF                   : 47
INT                  : 14
LESSEQUAL            : 66
LESSTHAN             : 64
MINUS                : 72
MULT                 : 75
NOTEQUAL             : 69
OR                   : 59
PARENTHESESL         : 17 18 38 39 42 47 50 56 80
PARENTHESESR         : 17 18 38 39 42 47 50 56 80
PLUS                 : 71
PRINCIPAL            : 17
PRINT                : 42
PROGRAM              : 1
READ                 : 39
RETURN               : 56
SEMICOLON            : 1 6 18 27 28 29 30 31
SQUAREL              : 12 36
SQUARER              : 12 36
THEN                 : 47
UNTIL                : 51
VAR                  : 4
VOID                 : 
WHILE                : 50
error                : 

Nonterminals, with rules where they appear

VOIDg                : 20
a                    : 20
asignacion           : 27 51
comp_sym             : 62
const                : 78
decision             : 32
decision_alt         : 47
dimension            : 35 40 41 79
dimension_var        : 9
empty                : 3 5 8 11 13 22 24 26 37 46 49 53 60 63 73 77
escritura            : 31
estatuto             : 25
estatuto_rep         : 17 18 25 47 48 50 51
exp_ar               : 61 62 71 72
exp_ar_2             : 70
exp_comp             : 57
exp_comp_2           : 61
expresion            : 35 36 44 47 50 51 54 55 56 58 59 80
expresion_2          : 57
expresion_rep        : 38
expresion_rep_2      : 52 54
factor               : 74
func_princ           : 1
funcion              : 2
funcion_param        : 18 23
funcion_param_rep    : 21
lectura              : 30
letrero              : 43
lista_escritura      : 42 45
lista_escritura_rep  : 43 44
lista_id             : 6 10
lista_id_rep         : 9
lista_lectura        : 39 40
llamada              : 28 81
prog                 : 0
prog_funcs           : 1 2
rep_c                : 33
rep_nc               : 34
retorno              : 29
termino              : 70 75 76
termino_2            : 74
tipo                 : 6 19 21
tipo_func            : 18
variables            : 1 18
variables_2          : 4 7
variables_rep        : 6

